<?xml version="1.0" encoding="UTF-8"?>
<!-- Generated by org.testng.reporters.JUnitReportReporter -->
<testsuite hostname="Kiran_Kumar" failures="0" tests="3" name="tests.LoginTest" time="16.684" errors="0" timestamp="2025-09-03T14:42:05 IST" skipped="0">
  <testcase classname="tests.LoginTest" name="add" time="5.490"/>
  <testcase classname="tests.LoginTest" name="logout" time="7.568"/>
  <testcase classname="tests.LoginTest" name="login" time="3.626"/>
</testsuite> <!-- tests.LoginTest -->
