<?xml version="1.0" encoding="UTF-8"?>
<!-- Generated by org.testng.reporters.JUnitReportReporter -->
<testsuite hostname="LAPTOP-VCQ0OA0B" failures="0" tests="11" name="runners.TestRunner" time="145.420" errors="0" timestamp="2025-09-08T02:38:06 IST" skipped="0">
  <testcase classname="runners.TestRunner" name="runScenario" time="8.446"/>
  <testcase classname="runners.TestRunner" name="runScenario" time="38.166"/>
  <testcase classname="runners.TestRunner" name="runScenario" time="16.149"/>
  <testcase classname="runners.TestRunner" name="runScenario" time="8.862"/>
  <testcase classname="runners.TestRunner" name="runScenario" time="10.042"/>
  <testcase classname="runners.TestRunner" name="runScenario" time="17.456"/>
  <testcase classname="runners.TestRunner" name="runScenario" time="9.624"/>
  <testcase classname="runners.TestRunner" name="runScenario" time="13.103"/>
  <testcase classname="runners.TestRunner" name="runScenario" time="6.438"/>
  <testcase classname="runners.TestRunner" name="runScenario" time="7.750"/>
  <testcase classname="runners.TestRunner" name="runScenario" time="9.384"/>
</testsuite> <!-- runners.TestRunner -->
